[2016-12-01 19:42:32.133] [ERROR] testcat - Some test and debug messages .. .. ... ... .. 
[2016-12-01 19:44:45.930] [ERROR] testcat - Some test and debug messages .. .. ... ... .. 
